<?xml version="1.0" encoding="UTF-8"?>
<!-- Generated by org.testng.reporters.JUnitReportReporter -->
<testsuite hostname="USER-PC" name="TestClass.TestPriority" tests="8" failures="0" timestamp="9 Apr 2017 04:31:36 GMT" time="9.251" errors="0">
  <testcase name="enterSignOnDetails" time="2.326" classname="TestClass.TestPriority"/>
  <testcase name="selectTripType" time="0.503" classname="TestClass.TestPriority"/>
  <testcase name="selectFromMonth" time="0.331" classname="TestClass.TestPriority"/>
  <testcase name="selectServiceClass" time="0.306" classname="TestClass.TestPriority"/>
  <testcase name="fillRegistration" time="3.141" classname="TestClass.TestPriority"/>
  <testcase name="selectPassengers" time="0.439" classname="TestClass.TestPriority"/>
  <testcase name="clickSignOnLink" time="1.188" classname="TestClass.TestPriority"/>
  <testcase name="clickRegisterLink" time="1.017" classname="TestClass.TestPriority"/>
</testsuite> <!-- TestClass.TestPriority -->
